<?xml version="1.0" encoding="utf-8"?><testsuites><testsuite name="pytest" errors="1" failures="0" skipped="0" tests="1" time="0.561" timestamp="2025-01-26T09:09:58.078586" hostname="LeondeiMac"><testcase classname="" name="" time="0.000"><error message="collection failure">/usr/local/Cellar/python@3.11/3.11.11/Frameworks/Python.framework/Versions/3.11/lib/python3.11/importlib/__init__.py:126: in import_module
    return _bootstrap._gcd_import(name[level:], package, level)
&lt;frozen importlib._bootstrap&gt;:1204: in _gcd_import
    ???
&lt;frozen importlib._bootstrap&gt;:1176: in _find_and_load
    ???
&lt;frozen importlib._bootstrap&gt;:1147: in _find_and_load_unlocked
    ???
&lt;frozen importlib._bootstrap&gt;:690: in _load_unlocked
    ???
tradingbot/test_venv/lib/python3.11/site-packages/_pytest/assertion/rewrite.py:186: in exec_module
    exec(co, module.__dict__)
tradingbot/tests/strategies/conftest.py:7: in &lt;module&gt;
    from sqlalchemy.orm import Session
E   ModuleNotFoundError: No module named 'sqlalchemy'</error></testcase></testsuite></testsuites>